#
# A fatal error has been detected by the Java Runtime Environment:
#
#  EXCEPTION_ACCESS_VIOLATION (0xc0000005) at pc=0x7742f0a3, pid=2084, tid=8028
#
# JRE version: Java(TM) SE Runtime Environment (7.0_60-b19) (build 1.7.0_60-b19)
# Java VM: Java HotSpot(TM) Client VM (24.60-b09 mixed mode windows-x86 )
# Problematic frame:
# C  [ntdll.dll+0x1f0a3]
#
# Failed to write core dump. Minidumps are not enabled by default on client versions of Windows
#
# If you would like to submit a bug report, please visit:
#   http://bugreport.sun.com/bugreport/crash.jsp
# The crash happened outside the Java Virtual Machine in native code.
# See problematic frame for where to report the bug.
#

---------------  T H R E A D  ---------------

Current thread (0x02c1b800):  JavaThread "main" [_thread_in_native, id=8028, stack(0x01460000,0x014b0000)]

siginfo: ExceptionCode=0xc0000005, writing address 0x00000014

Registers:
EAX=0x00000000, EBX=0x000003d4, ECX=0xfffffffc, EDX=0x00000000
ESP=0x014aef30, EBP=0x014aef90, ESI=0x011f27a4, EDI=0x00000000
EIP=0x7742f0a3, EFLAGS=0x00010213

Top of Stack: (sp=0x014aef30)
0x014aef30:   00000000 011f27a8 011f27a4 014af4c4
0x014aef40:   011f27a4 00000000 7f10a000 00000000
0x014aef50:   00000000 00000000 18f9cff0 02c1b930
0x014aef60:   00000000 6d6d82cc 02c3faa8 6d421733
0x014aef70:   00000000 0000000e 014aeefc 014aefc8
0x014aef80:   0000000e 6d421733 014aed18 f0131744
0x014aef90:   014aefb8 7742efbf 18f67ab0 014aefe8
0x014aefa0:   02c1b930 00000000 011f27a4 00000001 

Instructions: (pc=0x7742f0a3)
0x7742f083:   c2 f0 0f b1 0e 8b 75 b0 3b c2 0f 85 a2 35 fe ff
0x7742f093:   83 65 c0 00 33 c0 89 45 c4 8b 06 83 f8 ff 74 03
0x7742f0a3:   ff 40 14 b8 82 03 fe 7f 8a 08 84 c9 0f 85 86 ce
0x7742f0b3:   05 00 57 6a 00 83 fb ff 0f 84 c9 ce 05 00 53 e8 


Register to memory mapping:

EAX=0x00000000 is an unknown value
EBX=0x000003d4 is an unknown value
ECX=0xfffffffc is an unknown value
EDX=0x00000000 is an unknown value
ESP=0x014aef30 is pointing into the stack for thread: 0x02c1b800
EBP=0x014aef90 is pointing into the stack for thread: 0x02c1b800
ESI=0x011f27a4 is an unknown value
EDI=0x00000000 is an unknown value


Stack: [0x01460000,0x014b0000],  sp=0x014aef30,  free space=315k
Native frames: (J=compiled Java code, j=interpreted, Vv=VM code, C=native code)
C  [ntdll.dll+0x1f0a3]
C  [ntdll.dll+0x1efbf]
C  [ntdll.dll+0x1efed]
C  0x73a3495d
C  0x73a4c476

Java frames: (J=compiled Java code, j=interpreted, Vv=VM code)
j  sun.java2d.d3d.D3DSurfaceData.initOps(III)V+0
j  sun.java2d.d3d.D3DSurfaceData.<init>(Lsun/awt/windows/WComponentPeer;Lsun/java2d/d3d/D3DGraphicsConfig;IILjava/awt/Image;Ljava/awt/image/ColorModel;IILsun/java2d/pipe/hw/ExtendedBufferCapabilities$VSyncType;I)V+76
j  sun.java2d.d3d.D3DSurfaceData.createData(Lsun/awt/windows/WComponentPeer;Ljava/awt/Image;)Lsun/java2d/d3d/D3DSurfaceData;+117
j  sun.java2d.d3d.D3DVolatileSurfaceManager.initAcceleratedSurface()Lsun/java2d/SurfaceData;+59
j  sun.java2d.d3d.D3DVolatileSurfaceManager.restoreAcceleratedSurface()V+62
j  sun.awt.image.VolatileSurfaceManager.validate(Ljava/awt/GraphicsConfiguration;)I+94
j  sun.awt.image.SunVolatileImage.validate(Ljava/awt/GraphicsConfiguration;)I+5
j  java.awt.Component$FlipBufferStrategy.revalidate(Z)V+82
j  java.awt.Component$FlipBufferStrategy.revalidate()V+2
j  java.awt.Component$FlipBufferStrategy.getDrawGraphics()Ljava/awt/Graphics;+1
j  ge5.GameRender.render()V+13
J 41% C1 ge5.Game.gameLoop()V (93 bytes) @ 0x02dc61e4 [0x02dc60b0+0x134]
j  ge5.Game.<init>()V+88
j  game.TestGame.<init>()V+1
v  ~StubRoutines::call_stub
j  sun.reflect.NativeConstructorAccessorImpl.newInstance0(Ljava/lang/reflect/Constructor;[Ljava/lang/Object;)Ljava/lang/Object;+0
j  sun.reflect.NativeConstructorAccessorImpl.newInstance([Ljava/lang/Object;)Ljava/lang/Object;+72
j  sun.reflect.DelegatingConstructorAccessorImpl.newInstance([Ljava/lang/Object;)Ljava/lang/Object;+5
j  java.lang.reflect.Constructor.newInstance([Ljava/lang/Object;)Ljava/lang/Object;+79
j  java.lang.Class.newInstance()Ljava/lang/Object;+132
j  ge5.GameLauncher.main([Ljava/lang/String;)V+13
v  ~StubRoutines::call_stub

---------------  P R O C E S S  ---------------

Java Threads: ( => current thread )
  0x18ff8400 JavaThread "AWT-EventQueue-0" [_thread_blocked, id=5752, stack(0x1b4a0000,0x1b4f0000)]
  0x18fb7000 JavaThread "AWT-Shutdown" [_thread_blocked, id=5748, stack(0x199c0000,0x19a10000)]
  0x18fb6400 JavaThread "Java2D Disposer" daemon [_thread_blocked, id=2664, stack(0x19930000,0x19980000)]
  0x18f3c000 JavaThread "Service Thread" daemon [_thread_blocked, id=4656, stack(0x19310000,0x19360000)]
  0x18f37800 JavaThread "C1 CompilerThread0" daemon [_thread_blocked, id=1380, stack(0x19280000,0x192d0000)]
  0x18f34c00 JavaThread "Attach Listener" daemon [_thread_blocked, id=5360, stack(0x191f0000,0x19240000)]
  0x02d1ec00 JavaThread "Signal Dispatcher" daemon [_thread_blocked, id=7904, stack(0x19160000,0x191b0000)]
  0x02d18800 JavaThread "Finalizer" daemon [_thread_blocked, id=3000, stack(0x18ed0000,0x18f20000)]
  0x02d13800 JavaThread "Reference Handler" daemon [_thread_blocked, id=5640, stack(0x18e40000,0x18e90000)]
=>0x02c1b800 JavaThread "main" [_thread_in_native, id=8028, stack(0x01460000,0x014b0000)]

Other Threads:
  0x02d11400 VMThread [stack: 0x04d80000,0x04dd0000] [id=3068]
  0x18f55400 WatcherThread [stack: 0x193a0000,0x193f0000] [id=3404]

VM state:not at safepoint (normal execution)

VM Mutex/Monitor currently owned by a thread: None

Heap
 def new generation   total 4928K, used 2237K [0x04e00000, 0x05350000, 0x0a350000)
  eden space 4416K,  50% used [0x04e00000, 0x0502f618, 0x05250000)
  from space 512K,   0% used [0x05250000, 0x05250000, 0x052d0000)
  to   space 512K,   0% used [0x052d0000, 0x052d0000, 0x05350000)
 tenured generation   total 10944K, used 0K [0x0a350000, 0x0ae00000, 0x14e00000)
   the space 10944K,   0% used [0x0a350000, 0x0a350000, 0x0a350200, 0x0ae00000)
 compacting perm gen  total 12288K, used 4091K [0x14e00000, 0x15a00000, 0x18e00000)
   the space 12288K,  33% used [0x14e00000, 0x151fef38, 0x151ff000, 0x15a00000)
No shared spaces configured.

Card table byte_map: [0x02b20000,0x02bd0000] byte_map_base: 0x02af9000

Polling page: 0x011b0000

Code Cache  [0x02d20000, 0x02dd0000, 0x04d20000)
 total_blobs=283 nmethods=84 adapters=136 free_code_cache=32066Kb largest_free_block=32836416

Compilation events (10 events):
Event: 8.763 Thread 0x18f37800   80             java.security.AccessControlContext::optimize (319 bytes)
Event: 8.764 Thread 0x18f37800 nmethod 80 0x02dcd988 code [0x02dcdb00, 0x02dce120]
Event: 8.883 Thread 0x18f37800   81             java.util.HashSet::add (20 bytes)
Event: 8.883 Thread 0x18f37800 nmethod 81 0x02dce788 code [0x02dce890, 0x02dce93c]
Event: 11.747 Thread 0x18f37800   82             java.util.HashMap::get (29 bytes)
Event: 11.747 Thread 0x18f37800 nmethod 82 0x02dced08 code [0x02dcee20, 0x02dceef8]
Event: 12.814 Thread 0x18f37800   83             sun.java2d.pipe.RenderBuffer::position (11 bytes)
Event: 12.814 Thread 0x18f37800 nmethod 83 0x02dcefc8 code [0x02dcf0c0, 0x02dcf150]
Event: 12.851 Thread 0x18f37800   84             sun.util.logging.PlatformLogger$DefaultLoggerProxy::isLoggable (29 bytes)
Event: 12.851 Thread 0x18f37800 nmethod 84 0x02dcf188 code [0x02dcf290, 0x02dcf390]

GC Heap History (0 events):
No events

Deoptimization events (0 events):
No events

Internal exceptions (10 events):
Event: 0.138 Thread 0x02c1b800 Threw 0x04e6a888 at C:\re\jdk7u60\1081\hotspot\src\share\vm\prims\jvm.cpp:1244
Event: 0.139 Thread 0x02c1b800 Threw 0x04e6c4d8 at C:\re\jdk7u60\1081\hotspot\src\share\vm\prims\jvm.cpp:1244
Event: 0.149 Thread 0x02c1b800 Threw 0x04e6e958 at C:\re\jdk7u60\1081\hotspot\src\share\vm\prims\jvm.cpp:1244
Event: 0.167 Thread 0x02c1b800 Threw 0x04e74eb0 at C:\re\jdk7u60\1081\hotspot\src\share\vm\prims\jni.cpp:717
Event: 0.222 Thread 0x02c1b800 Threw 0x04e91978 at C:\re\jdk7u60\1081\hotspot\src\share\vm\prims\jni.cpp:717
Event: 0.440 Thread 0x02c1b800 Threw 0x04f92840 at C:\re\jdk7u60\1081\hotspot\src\share\vm\prims\jvm.cpp:1244
Event: 0.440 Thread 0x02c1b800 Threw 0x04f92a50 at C:\re\jdk7u60\1081\hotspot\src\share\vm\prims\jvm.cpp:1244
Event: 0.441 Thread 0x02c1b800 Threw 0x04f963b8 at C:\re\jdk7u60\1081\hotspot\src\share\vm\prims\jvm.cpp:1244
Event: 0.441 Thread 0x02c1b800 Threw 0x04f965c8 at C:\re\jdk7u60\1081\hotspot\src\share\vm\prims\jvm.cpp:1244
Event: 0.478 Thread 0x02c1b800 Threw 0x04fb49a0 at C:\re\jdk7u60\1081\hotspot\src\share\vm\prims\jvm.cpp:1244

Events (10 events):
Event: 12.851 loading class 0x18fa0460
Event: 12.851 loading class 0x18fa0420
Event: 12.852 loading class 0x18fa0420 done
Event: 12.852 loading class 0x18fa0460 done
Event: 12.852 Thread 0x1907fc00 Thread added: 0x1907fc00
Event: 12.852 Thread 0x19075c00 Thread added: 0x19075c00
Event: 12.853 Thread 0x1907fc00 Thread exited: 0x1907fc00
Event: 12.854 loading class 0x18fb4ec0
Event: 12.854 loading class 0x18fb4ec0 done
Event: 12.896 Thread 0x18fb7c00 Thread exited: 0x18fb7c00


Dynamic libraries:
0x00070000 - 0x0009f000 	C:\Program Files (x86)\Java\jre7\bin\javaw.exe
0x77410000 - 0x77578000 	C:\Windows\SYSTEM32\ntdll.dll
0x768e0000 - 0x76a20000 	C:\Windows\SYSTEM32\KERNEL32.DLL
0x76b60000 - 0x76c2f000 	C:\Windows\SYSTEM32\KERNELBASE.dll
0x73110000 - 0x731a9000 	C:\Windows\system32\apphelp.dll
0x68650000 - 0x688a9000 	C:\Windows\AppPatch\AcGenral.DLL
0x76d90000 - 0x76e4e000 	C:\Windows\SYSTEM32\msvcrt.dll
0x76190000 - 0x761ce000 	C:\Windows\SYSTEM32\sechost.dll
0x74e40000 - 0x74e5d000 	C:\Windows\SYSTEM32\SspiCli.dll
0x772f0000 - 0x77331000 	C:\Windows\SYSTEM32\SHLWAPI.dll
0x73c40000 - 0x73d1b000 	C:\Windows\SYSTEM32\UxTheme.dll
0x76520000 - 0x7666f000 	C:\Windows\SYSTEM32\USER32.dll
0x76c80000 - 0x76d88000 	C:\Windows\SYSTEM32\GDI32.dll
0x73c10000 - 0x73c30000 	C:\Windows\SYSTEM32\WINMM.dll
0x6fe10000 - 0x6fe22000 	C:\Windows\SYSTEM32\samcli.dll
0x763f0000 - 0x764fc000 	C:\Windows\SYSTEM32\ole32.dll
0x771b0000 - 0x77237000 	C:\Windows\SYSTEM32\OLEAUT32.dll
0x6dce0000 - 0x6dcf5000 	C:\Windows\SYSTEM32\MSACM32.dll
0x74050000 - 0x74058000 	C:\Windows\SYSTEM32\VERSION.dll
0x74e60000 - 0x7600d000 	C:\Windows\SYSTEM32\SHELL32.dll
0x74310000 - 0x74329000 	C:\Windows\SYSTEM32\USERENV.dll
0x74060000 - 0x74078000 	C:\Windows\SYSTEM32\dwmapi.dll
0x741d0000 - 0x742f2000 	C:\Windows\SYSTEM32\urlmon.dll
0x762d0000 - 0x76348000 	C:\Windows\SYSTEM32\ADVAPI32.dll
0x74080000 - 0x740de000 	C:\Windows\SYSTEM32\WINSPOOL.DRV
0x74740000 - 0x74754000 	C:\Windows\SYSTEM32\MPR.dll
0x76fa0000 - 0x77051000 	C:\Windows\SYSTEM32\RPCRT4.dll
0x74e30000 - 0x74e39000 	C:\Windows\SYSTEM32\CRYPTBASE.dll
0x77060000 - 0x771ae000 	C:\Windows\SYSTEM32\combase.dll
0x73bf0000 - 0x73c10000 	C:\Windows\SYSTEM32\WINMMBASE.dll
0x74300000 - 0x7430e000 	C:\Windows\SYSTEM32\profapi.dll
0x744f0000 - 0x74709000 	C:\Windows\SYSTEM32\iertutil.dll
0x74330000 - 0x744ed000 	C:\Windows\SYSTEM32\WININET.dll
0x74dd0000 - 0x74e23000 	C:\Windows\SYSTEM32\bcryptPrimitives.dll
0x76350000 - 0x7638a000 	C:\Windows\SYSTEM32\cfgmgr32.dll
0x74720000 - 0x7473f000 	C:\Windows\SYSTEM32\DEVOBJ.dll
0x72ec0000 - 0x72f36000 	C:\Windows\SYSTEM32\SHCORE.DLL
0x76670000 - 0x76695000 	C:\Windows\system32\IMM32.DLL
0x761d0000 - 0x762c7000 	C:\Windows\SYSTEM32\MSCTF.dll
0x6ecc0000 - 0x6eea6000 	C:\Windows\WinSxS\x86_microsoft.windows.common-controls_6595b64144ccf1df_6.0.9600.17031_none_a9efdb8b01377ea7\COMCTL32.dll
0x6ca30000 - 0x6caef000 	C:\Program Files (x86)\Java\jre7\bin\msvcr100.dll
0x6d420000 - 0x6d7a8000 	C:\Program Files (x86)\Java\jre7\bin\client\jvm.dll
0x72b40000 - 0x72b48000 	C:\Windows\SYSTEM32\WSOCK32.dll
0x76500000 - 0x76506000 	C:\Windows\SYSTEM32\PSAPI.DLL
0x76c30000 - 0x76c7d000 	C:\Windows\SYSTEM32\WS2_32.dll
0x76510000 - 0x76517000 	C:\Windows\SYSTEM32\NSI.dll
0x72eb0000 - 0x72ebc000 	C:\Program Files (x86)\Java\jre7\bin\verify.dll
0x72e90000 - 0x72eb0000 	C:\Program Files (x86)\Java\jre7\bin\java.dll
0x6f430000 - 0x6f443000 	C:\Program Files (x86)\Java\jre7\bin\zip.dll
0x68500000 - 0x68643000 	C:\Program Files (x86)\Java\jre7\bin\awt.dll
0x74d10000 - 0x74d19000 	C:\Windows\SYSTEM32\kernel.appcore.dll
0x6d260000 - 0x6d299000 	C:\Program Files (x86)\Java\jre7\bin\fontmanager.dll
0x6fb40000 - 0x6fc88000 	C:\Windows\SYSTEM32\dbghelp.dll

VM Arguments:
jvm_args: -Dfile.encoding=Cp1252 
java_command: ge5.GameLauncher game.TestGame
Launcher Type: SUN_STANDARD

Environment Variables:
PATH=C:/Program Files (x86)/Java/jre7/bin/client;C:/Program Files (x86)/Java/jre7/bin;C:/Program Files (x86)/Java/jre7/lib/i386;C:\Program Files (x86)\NVIDIA Corporation\PhysX\Common;C:\Windows\system32;C:\Windows;C:\Windows\System32\Wbem;C:\Windows\System32\WindowsPowerShell\v1.0\;C:\Program Files (x86)\ATI Technologies\ATI.ACE\Core-Static;C:\eclipse;
USERNAME=Owner
OS=Windows_NT
PROCESSOR_IDENTIFIER=AMD64 Family 18 Model 1 Stepping 0, AuthenticAMD



---------------  S Y S T E M  ---------------

OS: Windows 8.1 , 64 bit Build 9600 

CPU:total 4 (4 cores per cpu, 1 threads per core) family 18 model 1 stepping 0, cmov, cx8, fxsr, mmx, sse, sse2, sse3, popcnt, mmxext, 3dnowpref, lzcnt, sse4a, tsc, tscinvbit, tscinv

Memory: 4k page, physical 3648396k(1937108k free), swap 6007692k(3814060k free)

vm_info: Java HotSpot(TM) Client VM (24.60-b09) for windows-x86 JRE (1.7.0_60-b19), built on May  7 2014 13:09:52 by "java_re" with unknown MS VC++:1600

time: Tue Jul 08 17:26:27 2014
elapsed time: 12 seconds

